<?xml version="1.0" encoding="UTF-8"?>
<!-- Generated by org.testng.reporters.JUnitReportReporter -->
<testsuite hostname="RAVIG-WIN10" failures="0" tests="4" name="api.test.UserTests" time="18.815" errors="0" timestamp="2025-07-20T09:22:03 GMT-07:00" skipped="0">
  <testcase classname="api.test.UserTests" name="testPostUser" time="3.688"/>
  <testcase classname="api.test.UserTests" name="getUserByName" time="6.287"/>
  <testcase classname="api.test.UserTests" name="testUpdateUserByName" time="7.583"/>
  <testcase classname="api.test.UserTests" name="testDeleteUserByName" time="1.257"/>
</testsuite> <!-- api.test.UserTests -->
