<?xml version="1.0" encoding="UTF-8"?>
<!-- Generated by org.testng.reporters.JUnitReportReporter -->
<testsuite hostname="RAVIG-WIN10" failures="0" tests="6" name="api.test.DDTests" time="11.445" errors="0" timestamp="2025-07-20T12:13:10 GMT-07:00" skipped="0">
  <testcase classname="api.test.DDTests" name="testPostUser" time="1.258"/>
  <testcase classname="api.test.DDTests" name="testPostUser" time="1.244"/>
  <testcase classname="api.test.DDTests" name="testPostUser" time="5.049"/>
  <testcase classname="api.test.DDTests" name="testDeleteUserByUserName" time="1.266"/>
  <testcase classname="api.test.DDTests" name="testDeleteUserByUserName" time="1.356"/>
  <testcase classname="api.test.DDTests" name="testDeleteUserByUserName" time="1.272"/>
</testsuite> <!-- api.test.DDTests -->
