<?xml version="1.0" encoding="UTF-8"?>
<!-- Generated by org.testng.reporters.JUnitReportReporter -->
<testsuite hostname="RAVIG-WIN10" failures="0" tests="4" name="api.test.UserTests" time="18.684" errors="0" timestamp="2025-07-20T09:20:47 GMT-07:00" skipped="0">
  <testcase classname="api.test.UserTests" name="testPostUser" time="3.747"/>
  <testcase classname="api.test.UserTests" name="getUserByName" time="6.209"/>
  <testcase classname="api.test.UserTests" name="testUpdateUserByName" time="7.458"/>
  <testcase classname="api.test.UserTests" name="testDeleteUserByName" time="1.270"/>
</testsuite> <!-- api.test.UserTests -->
